<?xml version="1.0" encoding="UTF-8"?>
<!-- Generated by org.testng.reporters.JUnitXMLReporter -->
<testsuite ignored="0" hostname="DESKTOP-H4IIQDR" failures="0" tests="7" name="mytest" time="75.291" errors="0" timestamp="2024-08-01T11:17:08 IST">
  <testcase classname="Day_14.first_test1" name="tearUp" time="60.106"/>
  <testcase classname="Day_14.first_test1" name="logo" time="3.153"/>
  <testcase classname="Day_14.first_test1" name="Login" time="11.613"/>
  <testcase classname="Day_14.first_test1" name="tearDown" time="0.272"/>
  <testcase classname="Day_14.New_test" name="OpenURL" time="0.008"/>
  <testcase classname="Day_14.New_test" name="Login" time="0.003"/>
  <testcase classname="Day_14.New_test" name="Logout" time="0.003"/>
</testsuite> <!-- mytest -->
