<?xml version="1.0" encoding="UTF-8"?>
<!-- Generated by org.testng.reporters.JUnitXMLReporter -->
<testsuite ignored="0" hostname="DESKTOP-H4IIQDR" failures="1" tests="2" name="edge" time="38.283" errors="0" timestamp="2024-08-05T11:23:44 IST">
  <testcase classname="Day_14.ParrallelDemo" name="Logo" time="4.281">
    <failure type="java.lang.AssertionError" message="null">
      <![CDATA[java.lang.AssertionError: null
at Day_14.ParrallelDemo.Logo(ParrallelDemo.java:49)
at java.base/java.util.ArrayList.forEach(ArrayList.java:1596)
... Removed 27 stack frames]]>
    </failure>
  </testcase> <!-- Logo -->
  <testcase classname="Day_14.ParrallelDemo" name="Login" time="7.047"/>
</testsuite> <!-- edge -->
