<?xml version="1.0" encoding="UTF-8"?>
<!-- Generated by org.testng.reporters.JUnitXMLReporter -->
<testsuite ignored="0" hostname="DESKTOP-H4IIQDR" failures="0" tests="4" name="Test" time="17.676" errors="0" timestamp="2024-08-06T12:30:49 IST">
  <testcase classname="Day_14.first_test1" name="tearUp" time="4.998"/>
  <testcase classname="Day_14.first_test1" name="Logo" time="0.769"/>
  <testcase classname="Day_14.first_test1" name="Login" time="11.279"/>
  <testcase classname="Day_14.first_test1" name="teaeDown" time="0.24"/>
</testsuite> <!-- Test -->
