<?xml version="1.0" encoding="UTF-8"?>
<!-- Generated by org.testng.reporters.JUnitXMLReporter -->
<testsuite ignored="8" hostname="DESKTOP-H4IIQDR" failures="0" tests="1" name="Test" time="0.144" errors="0" timestamp="2024-08-07T11:56:52 IST">
  <testcase classname="Day_14.Grouping_intestNG" name="signupBymail" time="0.025"/>
  <testcase classname="Day_14.Grouping_intestNG" name="LogininBymail" time="0.0">
    <ignored/>
  </testcase> <!-- LogininBymail -->
  <testcase classname="Day_14.Grouping_intestNG" name="paymentinDollar" time="0.0">
    <ignored/>
  </testcase> <!-- paymentinDollar -->
  <testcase classname="Day_14.Grouping_intestNG" name="paymentreturnbyBank" time="0.0">
    <ignored/>
  </testcase> <!-- paymentreturnbyBank -->
  <testcase classname="Day_14.Grouping_intestNG" name="LogininByfacebook" time="0.0">
    <ignored/>
  </testcase> <!-- LogininByfacebook -->
  <testcase classname="Day_14.Grouping_intestNG" name="signupByfacebook" time="0.0">
    <ignored/>
  </testcase> <!-- signupByfacebook -->
  <testcase classname="Day_14.Grouping_intestNG" name="signupBytwitter" time="0.0">
    <ignored/>
  </testcase> <!-- signupBytwitter -->
  <testcase classname="Day_14.Grouping_intestNG" name="paymentinrupees" time="0.0">
    <ignored/>
  </testcase> <!-- paymentinrupees -->
  <testcase classname="Day_14.Grouping_intestNG" name="LogininBytwitter" time="0.0">
    <ignored/>
  </testcase> <!-- LogininBytwitter -->
</testsuite> <!-- Test -->
