<?xml version="1.0" encoding="UTF-8"?>
<testng-results ignored="0" total="4" passed="4" failed="0" skipped="0">
  <reporter-output>
  </reporter-output>
  <suite started-at="2024-08-06T12:30:31 IST" name="Suite" finished-at="2024-08-06T12:30:49 IST" duration-ms="17676">
    <groups>
    </groups>
    <test started-at="2024-08-06T12:30:31 IST" name="Test" finished-at="2024-08-06T12:30:49 IST" duration-ms="17676">
      <class name="Day_14.first_test1">
        <test-method signature="tearUp()[pri:1, instance:Day_14.first_test1@2ceb80a1]" started-at="2024-08-06T12:30:32 IST" name="tearUp" finished-at="2024-08-06T12:30:37 IST" duration-ms="4998" status="PASS">
          <reporter-output>
          </reporter-output>
        </test-method> <!-- tearUp -->
        <test-method signature="Logo()[pri:2, instance:Day_14.first_test1@2ceb80a1]" started-at="2024-08-06T12:30:37 IST" name="Logo" finished-at="2024-08-06T12:30:37 IST" duration-ms="769" status="PASS">
          <reporter-output>
          </reporter-output>
        </test-method> <!-- Logo -->
        <test-method signature="Login()[pri:3, instance:Day_14.first_test1@2ceb80a1]" started-at="2024-08-06T12:30:37 IST" name="Login" finished-at="2024-08-06T12:30:49 IST" duration-ms="11279" status="PASS">
          <reporter-output>
          </reporter-output>
        </test-method> <!-- Login -->
        <test-method signature="teaeDown()[pri:4, instance:Day_14.first_test1@2ceb80a1]" started-at="2024-08-06T12:30:49 IST" name="teaeDown" finished-at="2024-08-06T12:30:49 IST" duration-ms="240" status="PASS">
          <reporter-output>
          </reporter-output>
        </test-method> <!-- teaeDown -->
        <test-method is-config="true" signature="at()[pri:0, instance:Day_14.first_test1@2ceb80a1]" started-at="2024-08-06T12:30:49 IST" name="at" finished-at="2024-08-06T12:30:49 IST" duration-ms="5" status="PASS">
          <reporter-output>
          </reporter-output>
        </test-method> <!-- at -->
        <test-method is-config="true" signature="as()[pri:0, instance:Day_14.first_test1@2ceb80a1]" started-at="2024-08-06T12:30:49 IST" name="as" finished-at="2024-08-06T12:30:49 IST" duration-ms="2" status="PASS">
          <reporter-output>
          </reporter-output>
        </test-method> <!-- as -->
      </class> <!-- Day_14.first_test1 -->
    </test> <!-- Test -->
  </suite> <!-- Suite -->
</testng-results>
